<?xml version="1.0" encoding="UTF-8"?>
<!-- Generated by org.testng.reporters.JUnitXMLReporter -->
<testsuite hostname="IN-Sandeep" name="Test1" tests="8" failures="0" timestamp="23 Jul 2017 04:41:36 GMT" time="2.183" errors="0">
  <testcase name="doLogin" time="0.974" classname="DD_TestCases.LoginTest"/>
  <testcase name="doLogin" time="0.151" classname="DD_TestCases.LoginTest"/>
  <testcase name="doLogin" time="0.148" classname="DD_TestCases.LoginTest"/>
  <testcase name="doLogin" time="0.177" classname="DD_TestCases.LoginTest"/>
  <testcase name="doLogin" time="0.22" classname="DD_TestCases.LoginTest"/>
  <testcase name="doLogin" time="0.157" classname="DD_TestCases.LoginTest"/>
  <testcase name="doLogin" time="0.15" classname="DD_TestCases.LoginTest"/>
  <testcase name="doLogin" time="0.151" classname="DD_TestCases.LoginTest"/>
</testsuite> <!-- Test1 -->
