<?xml version="1.0" encoding="UTF-8"?>
<testng-results skipped="0" failed="0" total="1" passed="1">
  <reporter-output>
  </reporter-output>
  <suite name="Suite" duration-ms="244" started-at="2017-07-22T05:09:01Z" finished-at="2017-07-22T05:09:01Z">
    <groups>
    </groups>
    <test name="Test" duration-ms="244" started-at="2017-07-22T05:09:01Z" finished-at="2017-07-22T05:09:01Z">
      <class name="DD_TestCases.LoginTest">
        <test-method status="PASS" signature="init()[pri:0, instance:DD_TestCases.LoginTest@2fd1433e]" name="init" is-config="true" duration-ms="12452" started-at="2017-07-22T10:38:48Z" finished-at="2017-07-22T10:39:01Z">
          <reporter-output>
          </reporter-output>
        </test-method> <!-- init -->
        <test-method status="PASS" signature="isSkip()[pri:0, instance:DD_TestCases.LoginTest@2fd1433e]" name="isSkip" is-config="true" duration-ms="18" started-at="2017-07-22T10:39:01Z" finished-at="2017-07-22T10:39:01Z">
          <reporter-output>
          </reporter-output>
        </test-method> <!-- isSkip -->
        <test-method status="PASS" signature="doLogin(java.lang.String, java.lang.String)[pri:0, instance:DD_TestCases.LoginTest@2fd1433e]" name="doLogin" duration-ms="210" started-at="2017-07-22T10:39:01Z" data-provider="getData" finished-at="2017-07-22T10:39:01Z">
          <params>
            <param index="0">
              <value is-null="true"/>
            </param>
            <param index="1">
              <value>
                <![CDATA[tutorial]]>
              </value>
            </param>
          </params>
          <reporter-output>
          </reporter-output>
        </test-method> <!-- doLogin -->
        <test-method status="PASS" signature="closeSuite()[pri:0, instance:DD_TestCases.LoginTest@2fd1433e]" name="closeSuite" is-config="true" duration-ms="446" started-at="2017-07-22T10:39:01Z" finished-at="2017-07-22T10:39:01Z">
          <reporter-output>
          </reporter-output>
        </test-method> <!-- closeSuite -->
      </class> <!-- DD_TestCases.LoginTest -->
    </test> <!-- Test -->
  </suite> <!-- Suite -->
</testng-results>
